C51 COMPILER V9.60.7.0   MAIN                                                              02/19/2023 23:58:41 PAGE 1   


C51 COMPILER V9.60.7.0, COMPILATION OF MODULE MAIN
OBJECT MODULE PLACED IN .\Objects\main.obj
COMPILER INVOKED BY: E:\Keil_v5\C51\BIN\C51.EXE main.c OPTIMIZE(8,SPEED) BROWSE DEBUG OBJECTEXTEND PRINT(.\Listings\main
                    -.lst) TABS(2) OBJECT(.\Objects\main.obj)

line level    source

   1          #include <REGX52.H>
   2          #include "LCD1602.h"
   3          #include "IR.h"
   4          
   5          unsigned char DataFlag,RepeatFlag;
   6          unsigned char Address,Command;
   7          
   8          void main()
   9          { 
  10   1        LCD_Init();
  11   1        IR_Init();
  12   1        while(1)
  13   1        {
  14   2          DataFlag=IR_GetDataFlag();
  15   2          RepeatFlag=IR_GetRepeatFlag();
  16   2          if(DataFlag || RepeatFlag)
  17   2          {
  18   3            Address=IR_GetAddress();
  19   3            Command=IR_GetCommand();
  20   3            LCD_ShowHexNum(1,1,Address,2);
  21   3            LCD_ShowHexNum(1,4,Command,2);
  22   3          }
  23   2        }
  24   1      }


MODULE INFORMATION:   STATIC OVERLAYABLE
   CODE SIZE        =     66    ----
   CONSTANT SIZE    =   ----    ----
   XDATA SIZE       =   ----    ----
   PDATA SIZE       =   ----    ----
   DATA SIZE        =      4    ----
   IDATA SIZE       =   ----    ----
   BIT SIZE         =   ----    ----
END OF MODULE INFORMATION.


C51 COMPILATION COMPLETE.  0 WARNING(S),  0 ERROR(S)
