C51 COMPILER V9.60.7.0   MAIN                                                              02/05/2023 19:12:38 PAGE 1   


C51 COMPILER V9.60.7.0, COMPILATION OF MODULE MAIN
OBJECT MODULE PLACED IN .\Objects\main.obj
COMPILER INVOKED BY: E:\Keil_v5\C51\BIN\C51.EXE main.c OPTIMIZE(8,SPEED) BROWSE DEBUG OBJECTEXTEND PRINT(.\Listings\main
                    -.lst) TABS(2) OBJECT(.\Objects\main.obj)

line level    source

   1          #include <REGX52.H>
   2          #include "Delay.h"
   3          #include "Nixie.h"
   4          #include "LCD1602.h"
   5          #include "MatrixKey.h"
   6          
   7          unsigned char a=0;
   8          unsigned int Password=0;
   9          unsigned char count=0;
  10          
  11          void main()
  12          {
  13   1        LCD_Init();
  14   1        LCD_ShowString(1,1,"Password:");
  15   1        
  16   1        while(1)
  17   1        {
  18   2          a=MatrixKey();
  19   2          if(a)
  20   2            {
  21   3              if(a<=10)
  22   3              {
  23   4                if(count<4)
  24   4                {
  25   5                  Password*=10;
  26   5                  Password+=a%10;
  27   5                  count++;
  28   5                }
  29   4              }
  30   3              LCD_ShowNum(2,1,Password,4);
  31   3            }
  32   2            if(a==11)
  33   2            {
  34   3              if(Password==2345)
  35   3              {
  36   4                LCD_ShowString(1,14,"OK ");
  37   4                Password=0;
  38   4                count=0;
  39   4                LCD_ShowNum(2,1,Password,4);
  40   4              }
  41   3              else
  42   3              {
  43   4                LCD_ShowString(1,14,"ERR");
  44   4                Password=0;
  45   4                count=0;
  46   4                LCD_ShowNum(2,1,Password,4);
  47   4              }
  48   3            }
  49   2            if(a==12)
  50   2            {
  51   3              Password=0;
  52   3              count=0;
  53   3              LCD_ShowNum(2,1,Password,4);
  54   3            }
C51 COMPILER V9.60.7.0   MAIN                                                              02/05/2023 19:12:38 PAGE 2   

  55   2          
  56   2        }
  57   1      }


MODULE INFORMATION:   STATIC OVERLAYABLE
   CODE SIZE        =    175    ----
   CONSTANT SIZE    =     18    ----
   XDATA SIZE       =   ----    ----
   PDATA SIZE       =   ----    ----
   DATA SIZE        =      4    ----
   IDATA SIZE       =   ----    ----
   BIT SIZE         =   ----    ----
END OF MODULE INFORMATION.


C51 COMPILATION COMPLETE.  0 WARNING(S),  0 ERROR(S)
