C51 COMPILER V9.60.7.0   KEY                                                               02/15/2023 10:53:21 PAGE 1   


C51 COMPILER V9.60.7.0, COMPILATION OF MODULE KEY
OBJECT MODULE PLACED IN .\Objects\Key.obj
COMPILER INVOKED BY: E:\Keil_v5\C51\BIN\C51.EXE Key.c OPTIMIZE(8,SPEED) BROWSE DEBUG OBJECTEXTEND PRINT(.\Listings\Key.l
                    -st) TABS(2) OBJECT(.\Objects\Key.obj)

line level    source

   1          #include <REGX52.H>
   2          #include "Delay.h"
   3          /**
   4            * @brief  获取独立按键键码
   5            * @param  无
   6            * @retval 按下按键的键码0~4,无按键按下时返回值为0
   7            */
   8          unsigned char KeyNum;
   9          
  10          unsigned char Key_Num()
  11          {
  12   1        unsigned char Temp=0;
  13   1        Temp=KeyNum;
  14   1        KeyNum=0;
  15   1        return Temp;
  16   1      }
  17          
  18          unsigned char Key()
  19          {
  20   1        unsigned char KeyNumber=0;
  21   1        
  22   1        if(P3_1==0){KeyNumber=1;}
  23   1        if(P3_0==0){KeyNumber=2;}
  24   1        if(P3_2==0){KeyNumber=3;}
  25   1        if(P3_3==0){KeyNumber=4;}
  26   1        return KeyNumber;
  27   1      }
  28          
  29          void Key_Loop()
  30          {
  31   1        static unsigned char LastKeyNum,NowKeyNum;
  32   1        LastKeyNum=NowKeyNum;
  33   1        NowKeyNum=Key();
  34   1        if(LastKeyNum!=0&&NowKeyNum==0)
  35   1        {
  36   2          KeyNum=LastKeyNum;
  37   2        }
  38   1      }


MODULE INFORMATION:   STATIC OVERLAYABLE
   CODE SIZE        =     48    ----
   CONSTANT SIZE    =   ----    ----
   XDATA SIZE       =   ----    ----
   PDATA SIZE       =   ----    ----
   DATA SIZE        =      3    ----
   IDATA SIZE       =   ----    ----
   BIT SIZE         =   ----    ----
END OF MODULE INFORMATION.


C51 COMPILATION COMPLETE.  0 WARNING(S),  0 ERROR(S)
