C51 COMPILER V9.60.7.0   MAIN                                                              02/15/2023 16:26:11 PAGE 1   


C51 COMPILER V9.60.7.0, COMPILATION OF MODULE MAIN
OBJECT MODULE PLACED IN .\Objects\main.obj
COMPILER INVOKED BY: E:\Keil_v5\C51\BIN\C51.EXE main.c OPTIMIZE(8,SPEED) BROWSE DEBUG OBJECTEXTEND PRINT(.\Listings\main
                    -.lst) TABS(2) OBJECT(.\Objects\main.obj)

line level    source

   1          #include <REGX52.H>
   2          #include "Timer0.h"
   3          #include "Nixie.h"
   4          #include "Delay.h"
   5          #include "AT24C02.h"
   6          #include "I2C.h"
   7          
   8          unsigned char Temp,RunFlag;
   9          unsigned char Min,Sec,MinSec;
  10          
  11          void main()
  12          {
  13   1        Timer0_Init();
  14   1        while(1)
  15   1        { 
  16   2          Temp=Key_Num();
*** WARNING C206 IN LINE 16 OF main.c: 'Key_Num': missing function-prototype
  17   2          if(Temp==1)
  18   2          {
  19   3            RunFlag=~RunFlag;
  20   3          }
  21   2          if(Temp==2)
  22   2          {
  23   3            Min=0;
  24   3            Sec=0;
  25   3            MinSec=0;
  26   3          }
  27   2          if(Temp==3)
  28   2          {
  29   3            AT24C02_WriteByte(1,Min);
  30   3            Delay(5);
  31   3            AT24C02_WriteByte(2,Sec);
  32   3            Delay(5);
  33   3            AT24C02_WriteByte(3,MinSec);
  34   3            Delay(5);
  35   3          }
  36   2          if(Temp==4)
  37   2          {
  38   3            Min=AT24C02_ReadByte(1);
  39   3            Sec=AT24C02_ReadByte(2);
  40   3            MinSec=AT24C02_ReadByte(3); 
  41   3          }
  42   2          Nixie_SetBuf(1,Min/10);
  43   2          Nixie_SetBuf(2,Min%10);
  44   2          Nixie_SetBuf(3,10);
  45   2          Nixie_SetBuf(4,Sec/10);
  46   2          Nixie_SetBuf(5,Sec%10);
  47   2          Nixie_SetBuf(6,10);
  48   2          Nixie_SetBuf(7,MinSec/10);
  49   2          Nixie_SetBuf(8,MinSec%10);
  50   2        }
  51   1      }
  52          
  53          void Timer0_Routine() interrupt 1
C51 COMPILER V9.60.7.0   MAIN                                                              02/15/2023 16:26:11 PAGE 2   

  54          {
  55   1        static unsigned int T0count1,T0count2,T0count3;
  56   1        TL0 = 0x66;
  57   1        TH0 = 0xFC;
  58   1        T0count1++;
  59   1        T0count2++;
  60   1        T0count3++;
  61   1        if(T0count1>=10)
  62   1        {
  63   2          T0count1=0;
  64   2          Key_Loop();
*** WARNING C206 IN LINE 64 OF main.c: 'Key_Loop': missing function-prototype
  65   2        }
  66   1        if(T0count2>=2)
  67   1        {
  68   2          T0count2=0;
  69   2          Nixie_Loop();
  70   2        }
  71   1        if(RunFlag)
  72   1        { 
  73   2          if(T0count3>=10)
  74   2          {
  75   3            MinSec++;
  76   3            T0count3=0;
  77   3            if(MinSec>=100)
  78   3            {
  79   4              MinSec=0;
  80   4              Sec++;
  81   4              if(Sec>=60)
  82   4              {
  83   5                Sec=0;
  84   5                Min++;
  85   5              }
  86   4            }
  87   3          }
  88   2        }
  89   1      }


MODULE INFORMATION:   STATIC OVERLAYABLE
   CODE SIZE        =    387    ----
   CONSTANT SIZE    =   ----    ----
   XDATA SIZE       =   ----    ----
   PDATA SIZE       =   ----    ----
   DATA SIZE        =     11    ----
   IDATA SIZE       =   ----    ----
   BIT SIZE         =   ----    ----
END OF MODULE INFORMATION.


C51 COMPILATION COMPLETE.  2 WARNING(S),  0 ERROR(S)
