C51 COMPILER V9.60.7.0   NIXIE                                                             02/15/2023 16:03:43 PAGE 1   


C51 COMPILER V9.60.7.0, COMPILATION OF MODULE NIXIE
OBJECT MODULE PLACED IN .\Objects\Nixie.obj
COMPILER INVOKED BY: E:\Keil_v5\C51\BIN\C51.EXE Nixie.c OPTIMIZE(8,SPEED) BROWSE DEBUG OBJECTEXTEND PRINT(.\Listings\Nix
                    -ie.lst) TABS(2) OBJECT(.\Objects\Nixie.obj)

line level    source

   1          #include <REGX52.H>
   2          
   3          unsigned char Nixie_Buf[9]={0,10,10,10,10,10,10,10,10};
   4          
   5          unsigned char c[]={0x3F,0x06,0x5B,0x4F,0x66,0x6D,0x7D,0x07,0x7F,0x6F,0x40};
   6          
   7          void Nixie_SetBuf(unsigned char Location,Number)
   8          {
   9   1        Nixie_Buf[Location]=Number;
  10   1      }
  11          
  12          void Nixie(unsigned char a,b)
  13          {
  14   1        switch(a)
  15   1        {
  16   2          case 1:P2_4=1;P2_3=1;P2_2=1;break;
  17   2          case 2:P2_4=1;P2_3=1;P2_2=0;break;
  18   2          case 3:P2_4=1;P2_3=0;P2_2=1;break;
  19   2          case 4:P2_4=1;P2_3=0;P2_2=0;break;
  20   2          case 5:P2_4=0;P2_3=1;P2_2=1;break;
  21   2          case 6:P2_4=0;P2_3=1;P2_2=0;break;
  22   2          case 7:P2_4=0;P2_3=0;P2_2=1;break;
  23   2          case 8:P2_4=0;P2_3=0;P2_2=0;break;
  24   2        }
  25   1        P0=c[b];
  26   1      }
  27          
  28          void Nixie_Loop()
  29          {
  30   1        static unsigned char i;
  31   1        Nixie(i,Nixie_Buf[i]);
  32   1        i++;
  33   1        if(i>8)
  34   1        {i=1;}
  35   1      }


MODULE INFORMATION:   STATIC OVERLAYABLE
   CODE SIZE        =    135    ----
   CONSTANT SIZE    =   ----    ----
   XDATA SIZE       =   ----    ----
   PDATA SIZE       =   ----    ----
   DATA SIZE        =     21    ----
   IDATA SIZE       =   ----    ----
   BIT SIZE         =   ----    ----
END OF MODULE INFORMATION.


C51 COMPILATION COMPLETE.  0 WARNING(S),  0 ERROR(S)
