C51 COMPILER V9.60.7.0   TIMER1                                                            02/20/2023 00:02:40 PAGE 1   


C51 COMPILER V9.60.7.0, COMPILATION OF MODULE TIMER1
OBJECT MODULE PLACED IN .\Objects\Timer1.obj
COMPILER INVOKED BY: E:\Keil_v5\C51\BIN\C51.EXE Timer1.c OPTIMIZE(8,SPEED) BROWSE DEBUG OBJECTEXTEND PRINT(.\Listings\Ti
                    -mer1.lst) TABS(2) OBJECT(.\Objects\Timer1.obj)

line level    source

   1          #include <REGX52.H>
   2          /**
   3            * @brief  定时器0初始化，1毫秒@11.0592MHz
   4            * @param  无
   5            * @retval 无
   6            */
   7          void Timer1_Init(void)    //1毫秒@11.0592MHz
   8          {
   9   1        TMOD &= 0x0F;     //设置定时器模式
  10   1        TMOD |= 0x10;     //设置定时器模式
  11   1        TL1 = 0xA4;       //设置定时初始值
  12   1        TH1 = 0xFF;       //设置定时初始值
  13   1        TF1 = 0;        //清除TF0标志
  14   1        TR1 = 1;        //定时器0开始计时
  15   1        ET1 = 1;
  16   1        EA =1;
  17   1      }
  18          
  19          /*定时器中断函数模板
  20          void Timer1_Routine() interrupt 1
  21          {
  22            static unsigned int T0count;
  23            TL1 = 0x66;
  24            TH1 = 0xFC;
  25            T1count++;
  26            if(T1count==1000)
  27            {
  28              T1count=0;
  29              P2_0=~P2_0;
  30            }
  31          }
  32          
  33          */


MODULE INFORMATION:   STATIC OVERLAYABLE
   CODE SIZE        =     21    ----
   CONSTANT SIZE    =   ----    ----
   XDATA SIZE       =   ----    ----
   PDATA SIZE       =   ----    ----
   DATA SIZE        =   ----    ----
   IDATA SIZE       =   ----    ----
   BIT SIZE         =   ----    ----
END OF MODULE INFORMATION.


C51 COMPILATION COMPLETE.  0 WARNING(S),  0 ERROR(S)
