C51 COMPILER V9.60.7.0   MAIN                                                              02/06/2023 23:51:53 PAGE 1   


C51 COMPILER V9.60.7.0, COMPILATION OF MODULE MAIN
OBJECT MODULE PLACED IN .\Objects\main.obj
COMPILER INVOKED BY: E:\Keil_v5\C51\BIN\C51.EXE main.c OPTIMIZE(8,SPEED) BROWSE DEBUG OBJECTEXTEND PRINT(.\Listings\main
                    -.lst) TABS(2) OBJECT(.\Objects\main.obj)

line level    source

   1          #include <REGX52.H>
   2          #include "Delay.h"
   3          #include "Timer0.h"
   4          #include "LCD1602.h"
   5          
   6          unsigned int sec;
   7          unsigned char a;
   8          unsigned char b;
   9          unsigned char c;
  10          
  11          void main()
  12          {
  13   1        LCD_INit();
*** WARNING C206 IN LINE 13 OF main.c: 'LCD_INit': missing function-prototype
  14   1        Timer0_INit();
*** WARNING C206 IN LINE 14 OF main.c: 'Timer0_INit': missing function-prototype
  15   1        
  16   1        LCD_ShowString(1,1,"CLOCK");
  17   1        
  18   1        while(1)
  19   1        {
  20   2          if(sec==86400)
  21   2            sec=0;
  22   2          a=sec/3600;
  23   2          b=(sec/60)%60;
  24   2          c=sec%60;
  25   2          LCD_ShowNum(2,1,a,2);
  26   2          LCD_ShowChar(2,3,':');
  27   2          LCD_ShowNum(2,4,b,2);
  28   2          LCD_ShowChar(2,6,':');
  29   2          LCD_ShowNum(2,7,c,2);
  30   2        }
  31   1      }
  32          
  33          void Timer0_Routine() interrupt 1
  34          {
  35   1        static unsigned int T0count;
  36   1        TL0 = 0x66;
  37   1        TH0 = 0xFC;
  38   1        T0count++;
  39   1        if(T0count==1000)
  40   1        {
  41   2          T0count=0;
  42   2          sec++;
  43   2        }
  44   1      }


MODULE INFORMATION:   STATIC OVERLAYABLE
   CODE SIZE        =    200    ----
   CONSTANT SIZE    =      6    ----
   XDATA SIZE       =   ----    ----
   PDATA SIZE       =   ----    ----
   DATA SIZE        =      7    ----
C51 COMPILER V9.60.7.0   MAIN                                                              02/06/2023 23:51:53 PAGE 2   

   IDATA SIZE       =   ----    ----
   BIT SIZE         =   ----    ----
END OF MODULE INFORMATION.


C51 COMPILATION COMPLETE.  2 WARNING(S),  0 ERROR(S)
