C51 COMPILER V9.60.7.0   INT0                                                              02/19/2023 23:21:52 PAGE 1   


C51 COMPILER V9.60.7.0, COMPILATION OF MODULE INT0
OBJECT MODULE PLACED IN .\Objects\Int0.obj
COMPILER INVOKED BY: E:\Keil_v5\C51\BIN\C51.EXE Int0.c OPTIMIZE(8,SPEED) BROWSE DEBUG OBJECTEXTEND PRINT(.\Listings\Int0
                    -.lst) TABS(2) OBJECT(.\Objects\Int0.obj)

line level    source

   1          #include <REGX52.H>
   2          
   3          void Int0_Init()
   4          {
   5   1        IT0=1;
   6   1        IE0=0;
   7   1        EX0=1;
   8   1        EA=1;
   9   1        PX0=1;
  10   1      }
  11          
  12          /*void Int0_Routine() interrupt 0
  13            {
  14              Num++;
  15            }
  16          */


MODULE INFORMATION:   STATIC OVERLAYABLE
   CODE SIZE        =     11    ----
   CONSTANT SIZE    =   ----    ----
   XDATA SIZE       =   ----    ----
   PDATA SIZE       =   ----    ----
   DATA SIZE        =   ----    ----
   IDATA SIZE       =   ----    ----
   BIT SIZE         =   ----    ----
END OF MODULE INFORMATION.


C51 COMPILATION COMPLETE.  0 WARNING(S),  0 ERROR(S)
