C51 COMPILER V9.60.7.0   IR                                                                02/19/2023 23:48:57 PAGE 1   


C51 COMPILER V9.60.7.0, COMPILATION OF MODULE IR
OBJECT MODULE PLACED IN .\Objects\IR.obj
COMPILER INVOKED BY: E:\Keil_v5\C51\BIN\C51.EXE IR.c OPTIMIZE(8,SPEED) BROWSE DEBUG OBJECTEXTEND PRINT(.\Listings\IR.lst
                    -) TABS(2) OBJECT(.\Objects\IR.obj)

line level    source

   1          #include <REGX52.H>
   2          #include "Int0.h"
   3          #include "Timer0.h"
   4          
   5          unsigned char IR_Flag;
   6          unsigned int IR_Time;
   7          
   8          unsigned char IR_DataFlag;
   9          unsigned char IR_RepeatFlag;
  10          
  11          unsigned char IR_Address;
  12          unsigned char IR_Command;
  13          unsigned char IR_Data[4];
  14          unsigned char IR_pData;
  15          
  16          void IR_Init()
  17          {
  18   1        Int0_Init();
  19   1        Timer0_Init();
  20   1      }
  21          
  22          unsigned char IR_GetDataFlag()
  23          {
  24   1        if(IR_DataFlag==1)
  25   1        {
  26   2          IR_DataFlag=0;
  27   2          return 1;
  28   2        }
  29   1        return 0;
  30   1      }
  31          
  32          unsigned char IR_GetRepeatFlag()
  33          {
  34   1        if(IR_RepeatFlag==1)
  35   1        {
  36   2          IR_RepeatFlag=0;
  37   2          return 1;
  38   2        }
  39   1        return 0;
  40   1      }
  41          
  42          unsigned char IR_GetAddress()
  43          {
  44   1        return IR_Address;
  45   1      }
  46          
  47          unsigned char IR_GetCommand()
  48          {
  49   1        return IR_Command;
  50   1      }
  51          
  52          void Int0_Routine() interrupt 0
  53          {
  54   1        if(IR_Flag==0)
C51 COMPILER V9.60.7.0   IR                                                                02/19/2023 23:48:57 PAGE 2   

  55   1        {
  56   2          Timer0_SetCounter(0);
  57   2          Timer0_Run(1);
  58   2          IR_Flag=1;
  59   2        }else if(IR_Flag==1)
  60   1        {
  61   2          IR_Time=Timer0_GetCounter();
  62   2          Timer0_SetCounter(0);
  63   2          if(IR_Time>(12442-500) && IR_Time<(12442+500))
  64   2          {
  65   3            IR_Flag=2;
  66   3          }else if(IR_Time>(10368-500) && IR_Time<(10368+500))
  67   2          {
  68   3            IR_RepeatFlag=1;
  69   3            Timer0_Run(0);
  70   3            IR_Flag=0;
  71   3          }else
  72   2          {
  73   3            IR_Flag=1;
  74   3          }
  75   2        }else if(IR_Flag==2)
  76   1        {
  77   2          IR_Time=Timer0_GetCounter();
  78   2          Timer0_SetCounter(0);
  79   2          if(IR_Time>(1032-500) && IR_Time<(1032+500))
  80   2          {
  81   3            IR_Data[IR_pData/8]&=~(0x01<<(IR_pData%8));
  82   3            IR_pData++;
  83   3          }else if(IR_Time>(2074-500) && IR_Time<(2074+500))
  84   2          {
  85   3            IR_Data[IR_pData/8]|=(0x01<<(IR_pData%8));
  86   3            IR_pData++;
  87   3          }else         //接收出错
  88   2          {
  89   3            IR_pData=0;     //数据位置指针清0
  90   3            IR_Flag=1;      //置状态为1
  91   3          }
  92   2          
  93   2          if(IR_pData>=32)
  94   2          {
  95   3            if((IR_Data[0]==~IR_Data[1]) && (IR_Data[2]==~IR_Data[3]))
  96   3            {
  97   4              IR_Address=IR_Data[0];
  98   4              IR_Command=IR_Data[2];
  99   4              IR_DataFlag=1;
 100   4            }
 101   3            Timer0_Run(0);
 102   3            IR_Flag=0;
 103   3            IR_pData=0;
 104   3          }
 105   2        }
 106   1      }


MODULE INFORMATION:   STATIC OVERLAYABLE
   CODE SIZE        =    378    ----
   CONSTANT SIZE    =   ----    ----
   XDATA SIZE       =   ----    ----
   PDATA SIZE       =   ----    ----
   DATA SIZE        =     12    ----
   IDATA SIZE       =   ----    ----
   BIT SIZE         =   ----    ----
C51 COMPILER V9.60.7.0   IR                                                                02/19/2023 23:48:57 PAGE 3   

END OF MODULE INFORMATION.


C51 COMPILATION COMPLETE.  0 WARNING(S),  0 ERROR(S)
