C51 COMPILER V9.60.7.0   MAIN                                                              02/20/2023 07:32:02 PAGE 1   


C51 COMPILER V9.60.7.0, COMPILATION OF MODULE MAIN
OBJECT MODULE PLACED IN .\Objects\main.obj
COMPILER INVOKED BY: E:\Keil_v5\C51\BIN\C51.EXE main.c OPTIMIZE(8,SPEED) BROWSE DEBUG OBJECTEXTEND PRINT(.\Listings\main
                    -.lst) TABS(2) OBJECT(.\Objects\main.obj)

line level    source

   1          #include <REGX52.H>
   2          #include "IR.h"
   3          #include "Motor.h"
   4          #include "Timer1.h"
   5          
   6          sbit Motor=P1^0;
   7          
   8          unsigned char Address,Command;
   9          unsigned char Speed;
  10          
  11          void main()
  12          { 
  13   1        IR_Init();
  14   1        Timer1_Init();
  15   1        while(1)
  16   1        {
  17   2          if(IR_GetDataFlag() || IR_GetRepeatFlag())
  18   2          {
  19   3            Address=IR_GetAddress();
  20   3            Command=IR_GetCommand();
  21   3            Speed=Motor_ChangeSpeed(Command);
  22   3          }
  23   2        }
  24   1      }
  25          
  26          void Timer1_Routine() interrupt 3
  27          {
  28   1        static unsigned char T1count;
  29   1        TL1 = 0xA4;       //设置定时初始值
  30   1        TH1 = 0xFF;       //设置定时初始值
  31   1        T1count++;
  32   1        T1count%=100;
  33   1        if(T1count<Speed)
  34   1        {
  35   2          Motor=1;
  36   2        }else
  37   1        {
  38   2          Motor=0;
  39   2        }
  40   1      }


MODULE INFORMATION:   STATIC OVERLAYABLE
   CODE SIZE        =     78    ----
   CONSTANT SIZE    =   ----    ----
   XDATA SIZE       =   ----    ----
   PDATA SIZE       =   ----    ----
   DATA SIZE        =      4    ----
   IDATA SIZE       =   ----    ----
   BIT SIZE         =   ----    ----
END OF MODULE INFORMATION.


C51 COMPILATION COMPLETE.  0 WARNING(S),  0 ERROR(S)
