C51 COMPILER V9.60.7.0   MOTOR                                                             02/20/2023 07:34:04 PAGE 1   


C51 COMPILER V9.60.7.0, COMPILATION OF MODULE MOTOR
OBJECT MODULE PLACED IN .\Objects\Motor.obj
COMPILER INVOKED BY: E:\Keil_v5\C51\BIN\C51.EXE Motor.c OPTIMIZE(8,SPEED) BROWSE DEBUG OBJECTEXTEND PRINT(.\Listings\Mot
                    -or.lst) TABS(2) OBJECT(.\Objects\Motor.obj)

line level    source

   1          #include <REGX52.H>
   2          
   3          
   4          
   5          unsigned char compare;
   6          
   7          unsigned char Motor_ChangeSpeed(unsigned char a)
   8          {
   9   1        if(a==0x15)
  10   1        {
  11   2          if(compare>=10)
  12   2          {
  13   3            compare-=10;
  14   3          }
  15   2        }else if(a==0x09)
  16   1        {
  17   2          if(compare<=90)
  18   2          {
  19   3            compare+=10;
  20   3          } 
  21   2        }
  22   1        return compare;
  23   1      }


MODULE INFORMATION:   STATIC OVERLAYABLE
   CODE SIZE        =     33    ----
   CONSTANT SIZE    =   ----    ----
   XDATA SIZE       =   ----    ----
   PDATA SIZE       =   ----    ----
   DATA SIZE        =      1    ----
   IDATA SIZE       =   ----    ----
   BIT SIZE         =   ----    ----
END OF MODULE INFORMATION.


C51 COMPILATION COMPLETE.  0 WARNING(S),  0 ERROR(S)
