C51 COMPILER V9.60.7.0   TIMER0                                                            02/19/2023 23:22:51 PAGE 1   


C51 COMPILER V9.60.7.0, COMPILATION OF MODULE TIMER0
OBJECT MODULE PLACED IN .\Objects\Timer0.obj
COMPILER INVOKED BY: E:\Keil_v5\C51\BIN\C51.EXE Timer0.c OPTIMIZE(8,SPEED) BROWSE DEBUG OBJECTEXTEND PRINT(.\Listings\Ti
                    -mer0.lst) TABS(2) OBJECT(.\Objects\Timer0.obj)

line level    source

   1          #include <REGX52.H>
   2          /**
   3            * @brief  定时器0初始化，1毫秒@11.0592MHz
   4            * @param  无
   5            * @retval 无
   6            */
   7          void Timer0_Init(void)    //1毫秒@11.0592MHz
   8          {
   9   1        TMOD &= 0xF0;     //设置定时器模式
  10   1        TMOD |= 0x01;     //设置定时器模式
  11   1        TL0 = 0x00;       //设置定时初始值
  12   1        TH0 = 0x00;       //设置定时初始值
  13   1        TF0 = 0;        //清除TF0标志
  14   1        TR0 = 0;        //定时器0开始计时
  15   1      }
  16          
  17          void Timer0_SetCounter(unsigned int Value)
  18          {
  19   1        TH0=Value/256;
  20   1        TL0=Value%256;
  21   1      }
  22          
  23          unsigned int Timer0_GetCounter()
  24          {
  25   1        return (TH0<<8)|TL0;
  26   1      }
  27          
  28          void Timer0_Run(unsigned char Flag)
  29          {
  30   1        TR0=Flag;
  31   1      }


MODULE INFORMATION:   STATIC OVERLAYABLE
   CODE SIZE        =     42    ----
   CONSTANT SIZE    =   ----    ----
   XDATA SIZE       =   ----    ----
   PDATA SIZE       =   ----    ----
   DATA SIZE        =   ----    ----
   IDATA SIZE       =   ----    ----
   BIT SIZE         =   ----    ----
END OF MODULE INFORMATION.


C51 COMPILATION COMPLETE.  0 WARNING(S),  0 ERROR(S)
