C51 COMPILER V9.60.7.0   KEY                                                               02/06/2023 23:06:49 PAGE 1   


C51 COMPILER V9.60.7.0, COMPILATION OF MODULE KEY
OBJECT MODULE PLACED IN .\Objects\Key.obj
COMPILER INVOKED BY: E:\Keil_v5\C51\BIN\C51.EXE Key.c OPTIMIZE(8,SPEED) BROWSE DEBUG OBJECTEXTEND PRINT(.\Listings\Key.l
                    -st) TABS(2) OBJECT(.\Objects\Key.obj)

line level    source

   1          #include <REGX52.H>
   2          #include "Delay.h"
   3          /**
   4            * @brief  获取独立按键键码
   5            * @param  无
   6            * @retval 按下按键的键码0~4,无按键按下时返回值为0
   7            */
   8          
   9          unsigned char Key()
  10          {
  11   1        unsigned char KeyNumber=0;
  12   1        
  13   1        if(P3_1==0){Delay(20);while(P3_1==0);Delay(20);KeyNumber=1;}
  14   1        if(P3_0==0){Delay(20);while(P3_0==0);Delay(20);KeyNumber=2;}
  15   1        if(P3_2==0){Delay(20);while(P3_2==0);Delay(20);KeyNumber=3;}
  16   1        if(P3_3==0){Delay(20);while(P3_3==0);Delay(20);KeyNumber=4;}
  17   1        return KeyNumber;
  18   1      }


MODULE INFORMATION:   STATIC OVERLAYABLE
   CODE SIZE        =     82    ----
   CONSTANT SIZE    =   ----    ----
   XDATA SIZE       =   ----    ----
   PDATA SIZE       =   ----    ----
   DATA SIZE        =   ----       1
   IDATA SIZE       =   ----    ----
   BIT SIZE         =   ----    ----
END OF MODULE INFORMATION.


C51 COMPILATION COMPLETE.  0 WARNING(S),  0 ERROR(S)
