C51 COMPILER V9.60.7.0   MAIN                                                              02/06/2023 23:22:54 PAGE 1   


C51 COMPILER V9.60.7.0, COMPILATION OF MODULE MAIN
OBJECT MODULE PLACED IN .\Objects\main.obj
COMPILER INVOKED BY: E:\Keil_v5\C51\BIN\C51.EXE main.c OPTIMIZE(8,SPEED) BROWSE DEBUG OBJECTEXTEND PRINT(.\Listings\main
                    -.lst) TABS(2) OBJECT(.\Objects\main.obj)

line level    source

   1          #include <REGX52.H>
   2          #include "Timer0.h"
   3          #include "Key.h"
   4          #include <INTRINS.H>
   5          
   6          unsigned char KeyNumber;
   7          unsigned char LEDmode;
   8          void main()
   9          {
  10   1        P2=0xFE;
  11   1        Timer0_Init();
  12   1        while(1)
  13   1        {
  14   2          KeyNumber=Key();
  15   2          if(KeyNumber==1)
  16   2          {
  17   3            LEDmode++;
  18   3            if(LEDmode>=2)
  19   3            {
  20   4              LEDmode=0;
  21   4            }
  22   3          }
  23   2        }
  24   1      }
  25          
  26          void Timer0_Routine() interrupt 1
  27          {
  28   1        static unsigned int T0count;
  29   1        TL0 = 0x66;
  30   1        TH0 = 0xFC;
  31   1        T0count++;
  32   1        if(T0count==1000)
  33   1        {
  34   2          T0count=0;
  35   2          if(LEDmode==0){P2=_crol_(P2,1);}
  36   2          if(LEDmode==1){P2=_cror_(P2,1);}  
  37   2        }
  38   1      }


MODULE INFORMATION:   STATIC OVERLAYABLE
   CODE SIZE        =    113    ----
   CONSTANT SIZE    =   ----    ----
   XDATA SIZE       =   ----    ----
   PDATA SIZE       =   ----    ----
   DATA SIZE        =      4    ----
   IDATA SIZE       =   ----    ----
   BIT SIZE         =   ----    ----
END OF MODULE INFORMATION.


C51 COMPILATION COMPLETE.  0 WARNING(S),  0 ERROR(S)
