C51 COMPILER V9.60.7.0   UART                                                              02/08/2023 11:32:38 PAGE 1   


C51 COMPILER V9.60.7.0, COMPILATION OF MODULE UART
OBJECT MODULE PLACED IN .\Objects\UART.obj
COMPILER INVOKED BY: E:\Keil_v5\C51\BIN\C51.EXE UART.c OPTIMIZE(8,SPEED) BROWSE DEBUG OBJECTEXTEND PRINT(.\Listings\UART
                    -.lst) TABS(2) OBJECT(.\Objects\UART.obj)

line level    source

   1          #include <REGX52.H>
   2          
   3          void UART_Init()
   4          {
   5   1        SCON=0x50;
   6   1        PCON=0x80;
   7   1        TMOD &= 0x0F;     //设置定时器模式
   8   1        TMOD |= 0x20;     //设置定时器模式
   9   1        TL1 = 0xF4;     //设置定时初始值
  10   1        TH1 = 0xF4;     //设置定时重载值
  11   1        TF1 = 0;        //清除TF1标志
  12   1        TR1 = 1;        //定时器1开始计时
  13   1      }
  14          
  15          void UART_SendByte(unsigned char Byte)
  16          {
  17   1        SBUF=Byte;
  18   1        while(TI==0);
  19   1        TI=0;
  20   1      }


MODULE INFORMATION:   STATIC OVERLAYABLE
   CODE SIZE        =     31    ----
   CONSTANT SIZE    =   ----    ----
   XDATA SIZE       =   ----    ----
   PDATA SIZE       =   ----    ----
   DATA SIZE        =   ----    ----
   IDATA SIZE       =   ----    ----
   BIT SIZE         =   ----    ----
END OF MODULE INFORMATION.


C51 COMPILATION COMPLETE.  0 WARNING(S),  0 ERROR(S)
