C51 COMPILER V9.60.7.0   MAIN                                                              02/17/2023 23:01:01 PAGE 1   


C51 COMPILER V9.60.7.0, COMPILATION OF MODULE MAIN
OBJECT MODULE PLACED IN .\Objects\main.obj
COMPILER INVOKED BY: E:\Keil_v5\C51\BIN\C51.EXE main.c OPTIMIZE(8,SPEED) BROWSE DEBUG OBJECTEXTEND PRINT(.\Listings\main
                    -.lst) TABS(2) OBJECT(.\Objects\main.obj)

line level    source

   1          #include <REGX52.H>
   2          #include "OneWire.h"
   3          #include "DS18B20.h"
   4          #include "LCD1602.h"
   5          #include "Delay.h"
   6          
   7          float T;
   8          
   9          void main()
  10          {
  11   1        LCD_Init();
  12   1        LCD_ShowString(1,1,"Temperature:");
  13   1        while(1)
  14   1        {
  15   2          DS18B20_ConvertT();
  16   2          T=DS18B20_ReadT();
  17   2          if(T<0)
  18   2          {
  19   3            LCD_ShowChar(2,1,'-');
  20   3            T=-T;
  21   3          }else
  22   2          {
  23   3            LCD_ShowChar(2,1,'+');
  24   3          }
  25   2          LCD_ShowNum(2,2,T,3);
  26   2          LCD_ShowChar(2,5,'.');
  27   2          LCD_ShowNum(2,6,(unsigned long)(T*10000)%10000,4);
  28   2        }
  29   1      }


MODULE INFORMATION:   STATIC OVERLAYABLE
   CODE SIZE        =    166    ----
   CONSTANT SIZE    =     13    ----
   XDATA SIZE       =   ----    ----
   PDATA SIZE       =   ----    ----
   DATA SIZE        =      4    ----
   IDATA SIZE       =   ----    ----
   BIT SIZE         =   ----    ----
END OF MODULE INFORMATION.


C51 COMPILATION COMPLETE.  0 WARNING(S),  0 ERROR(S)
