C51 COMPILER V9.60.7.0   ONEWIRE                                                           02/17/2023 23:03:34 PAGE 1   


C51 COMPILER V9.60.7.0, COMPILATION OF MODULE ONEWIRE
OBJECT MODULE PLACED IN .\Objects\OneWire.obj
COMPILER INVOKED BY: E:\Keil_v5\C51\BIN\C51.EXE OneWire.c OPTIMIZE(8,SPEED) BROWSE DEBUG OBJECTEXTEND PRINT(.\Listings\O
                    -neWire.lst) TABS(2) OBJECT(.\Objects\OneWire.obj)

line level    source

   1          #include <REGX52.H>
   2          #include "Delay.h"
   3          
   4          sbit OneWire_DQ=P3^7;
   5          
   6          
   7          
   8          unsigned char OneWire_Init()
   9          {
  10   1        unsigned char i,AckBit;
  11   1        OneWire_DQ=1;
  12   1        OneWire_DQ=0;
  13   1        i = 227;
  14   1        while (--i);          //Delay500us
  15   1        OneWire_DQ=1;
  16   1        i = 29;
  17   1        while (--i);          //Delay70us
  18   1        AckBit=OneWire_DQ;
  19   1        i = 227;
  20   1        while (--i);          //Delay500us
  21   1        return AckBit;
  22   1      }
  23          
  24          void OneWire_SendBit(unsigned char Bit)
  25          {
  26   1        unsigned char i;
  27   1        OneWire_DQ=0;
  28   1        i = 4;
  29   1        while (--i);          //Delay15us
  30   1        OneWire_DQ=Bit;
  31   1        i = 20;
  32   1        while (--i);          //Delay50us
  33   1        OneWire_DQ=1;
  34   1      } 
  35          
  36          unsigned char OneWire_ReceiveBit()
  37          {
  38   1        unsigned char i,Bit;
  39   1        OneWire_DQ=0;
  40   1        i = 2;
  41   1        while (--i);          //Delay10us
  42   1        OneWire_DQ=1;
  43   1        i = 2;
  44   1        while (--i);          //Delay5us
  45   1        Bit=OneWire_DQ;
  46   1        i = 20;
  47   1        while (--i);          //Delay50us
  48   1        
  49   1        return Bit;
  50   1      }
  51          
  52          void OneWire_SendByte(unsigned char Byte)
  53          {
  54   1        unsigned char i;
C51 COMPILER V9.60.7.0   ONEWIRE                                                           02/17/2023 23:03:34 PAGE 2   

  55   1        for(i=0;i<8;i++)
  56   1        {
  57   2          OneWire_SendBit(Byte&(0x01<<i));
  58   2        }
  59   1      }
  60          
  61          unsigned char OneWire_ReceiveByte()
  62          {
  63   1        unsigned char i;
  64   1        unsigned char Byte=0x00;
  65   1        for(i=0;i<8;i++)
  66   1        {
  67   2          if(OneWire_ReceiveBit())
  68   2          {Byte|=(0x01<<i);}
  69   2        }
  70   1        return Byte;
  71   1      }


MODULE INFORMATION:   STATIC OVERLAYABLE
   CODE SIZE        =    122    ----
   CONSTANT SIZE    =   ----    ----
   XDATA SIZE       =   ----    ----
   PDATA SIZE       =   ----    ----
   DATA SIZE        =   ----    ----
   IDATA SIZE       =   ----    ----
   BIT SIZE         =   ----    ----
END OF MODULE INFORMATION.


C51 COMPILATION COMPLETE.  0 WARNING(S),  0 ERROR(S)
