C51 COMPILER V9.60.7.0   MAIN                                                              02/08/2023 23:12:29 PAGE 1   


C51 COMPILER V9.60.7.0, COMPILATION OF MODULE MAIN
OBJECT MODULE PLACED IN .\Objects\main.obj
COMPILER INVOKED BY: E:\Keil_v5\C51\BIN\C51.EXE main.c OPTIMIZE(8,SPEED) BROWSE DEBUG OBJECTEXTEND PRINT(.\Listings\main
                    -.lst) TABS(2) OBJECT(.\Objects\main.obj)

line level    source

   1          #include <REGX52.H>
   2          #include "Delay.h"
   3          
   4          #define MATRIX_LED_PORT P0
   5          
   6          /**
   7            * @brief  74HC595写入一个字节
   8            * @param  要写入字节
   9            * @retval 无
  10            */
  11          void _74HC595_WriteByte(unsigned char a)
  12          {
  13   1        unsigned char i=0;
  14   1        for(i=0;i<8;i++)
  15   1        {
  16   2          P3_4=a&(0x80>>i);
  17   2          P3_6=1;
  18   2          P3_6=0;
  19   2        }
  20   1        P3_5=1;
  21   1        P3_5=0;
  22   1      }
  23          
  24          /**
  25            * @brief  LED点阵屏显示一列数据
  26            * @param  x 要选择的列 范围：1~8，1在最左边
  27            * @param  y 选择列显示的数据 范围：1~8，1在最下边，1为亮，0为灭
  28            * @retval 无
  29            */
  30          void MatrixLED_ShowColum(unsigned char x, unsigned char y)
  31          {
  32   1        _74HC595_WriteByte(y);
  33   1        MATRIX_LED_PORT=~0x80>>(x-1);
  34   1        Delay(1);
  35   1        MATRIX_LED_PORT=0xFF;
  36   1      }
  37          
  38          void main()
  39          {
  40   1        P3_5=0;
  41   1        P3_6=0;
  42   1        
  43   1        while(1)
  44   1        {
  45   2          MatrixLED_ShowColum(1,1);
  46   2          MatrixLED_ShowColum(2,2);
  47   2          MatrixLED_ShowColum(3,3);
  48   2          MatrixLED_ShowColum(4,4);
  49   2        }
  50   1      }


MODULE INFORMATION:   STATIC OVERLAYABLE
   CODE SIZE        =    119    ----
C51 COMPILER V9.60.7.0   MAIN                                                              02/08/2023 23:12:29 PAGE 2   

   CONSTANT SIZE    =   ----    ----
   XDATA SIZE       =   ----    ----
   PDATA SIZE       =   ----    ----
   DATA SIZE        =   ----    ----
   IDATA SIZE       =   ----    ----
   BIT SIZE         =   ----    ----
END OF MODULE INFORMATION.


C51 COMPILATION COMPLETE.  0 WARNING(S),  0 ERROR(S)
