C51 COMPILER V9.60.7.0   AT24C02                                                           02/13/2023 20:24:51 PAGE 1   


C51 COMPILER V9.60.7.0, COMPILATION OF MODULE AT24C02
OBJECT MODULE PLACED IN .\Objects\AT24C02.obj
COMPILER INVOKED BY: E:\Keil_v5\C51\BIN\C51.EXE AT24C02.c OPTIMIZE(8,SPEED) BROWSE DEBUG OBJECTEXTEND PRINT(.\Listings\A
                    -T24C02.lst) TABS(2) OBJECT(.\Objects\AT24C02.obj)

line level    source

   1          #include <REGX52.H>
   2          #include "I2C.h"
   3          
   4          #define SLAVE_ADDRESS 0xa0
   5          /**
   6            * @brief  在地址写入一个字节
   7            * @param  WordAddress 写入的地址 ，Data 写入的数据 0~255
   8            * @retval 无
   9            */
  10          void AT24C02_WriteByte(unsigned char WordAddress,Data)
  11          {
  12   1        I2C_Start();
  13   1        I2C_SendByte(SLAVE_ADDRESS);
  14   1        I2C_ReceiveAck();
  15   1        I2C_SendByte(WordAddress);
  16   1        I2C_ReceiveAck();
  17   1        I2C_SendByte(Data);
  18   1        I2C_ReceiveAck();
  19   1        I2C_Stop();
  20   1      }
  21          /**
  22            * @brief  读取地址的数据
  23            * @param  WordAddress 读取的数据的地址
  24            * @retval Data 读取到的数据
  25            */
  26          unsigned char AT24C02_ReadByte(unsigned char WordAddress)
  27          {
  28   1        unsigned char Data;
  29   1        I2C_Start();
  30   1        I2C_SendByte(SLAVE_ADDRESS);
  31   1        I2C_ReceiveAck();
  32   1        I2C_SendByte(WordAddress);
  33   1        I2C_ReceiveAck();
  34   1        I2C_Start();
  35   1        I2C_SendByte(SLAVE_ADDRESS|0x01);
  36   1        I2C_ReceiveAck();
  37   1        Data=I2C_ReceiveByte();
  38   1        I2C_SendAck(1);
  39   1        I2C_Stop();
  40   1        
  41   1        return Data;
  42   1      }


MODULE INFORMATION:   STATIC OVERLAYABLE
   CODE SIZE        =     84    ----
   CONSTANT SIZE    =   ----    ----
   XDATA SIZE       =   ----    ----
   PDATA SIZE       =   ----    ----
   DATA SIZE        =   ----       5
   IDATA SIZE       =   ----    ----
   BIT SIZE         =   ----    ----
END OF MODULE INFORMATION.


C51 COMPILATION COMPLETE.  0 WARNING(S),  0 ERROR(S)
