C51 COMPILER V9.60.7.0   MAIN                                                              02/13/2023 21:03:51 PAGE 1   


C51 COMPILER V9.60.7.0, COMPILATION OF MODULE MAIN
OBJECT MODULE PLACED IN .\Objects\main.obj
COMPILER INVOKED BY: E:\Keil_v5\C51\BIN\C51.EXE main.c OPTIMIZE(8,SPEED) BROWSE DEBUG OBJECTEXTEND PRINT(.\Listings\main
                    -.lst) TABS(2) OBJECT(.\Objects\main.obj)

line level    source

   1          #include <REGX52.H>
   2          #include "LCD1602.h"
   3          #include "Delay.h"
   4          #include "Key.h"
   5          #include "AT24C02.h"
   6          #include "I2C.h"
   7          
   8          unsigned char KeyNum;
   9          unsigned int i;
  10          
  11          void main()
  12          {
  13   1        LCD_Init();
  14   1        LCD_ShowNum(1,1,0,5);
  15   1        while(1)
  16   1        {
  17   2          KeyNum=Key();
  18   2          if(KeyNum==1)
  19   2          {
  20   3            LCD_ShowNum(1,1,++i,5);         
  21   3          }
  22   2          if(KeyNum==2)
  23   2          {
  24   3            LCD_ShowNum(1,1,--i,5);
  25   3          }
  26   2          if(KeyNum==3)
  27   2          {
  28   3            AT24C02_WriteByte(1,i/256);
  29   3            Delay(5);
  30   3            AT24C02_WriteByte(2,i%256);
  31   3            Delay(5);
  32   3            LCD_ShowString(2,1,"Write OK");
  33   3            Delay(2000);
  34   3            LCD_ShowString(2,1,"        ");
  35   3          }
  36   2          if(KeyNum==4)
  37   2          {
  38   3            i=AT24C02_ReadByte(1)*256+AT24C02_ReadByte(2);
  39   3            LCD_ShowNum(1,1,i,5);
  40   3            LCD_ShowString(2,1,"Read OK");
  41   3            Delay(2000);
  42   3            LCD_ShowString(2,1,"        ");
  43   3          }
  44   2        }
  45   1      }


MODULE INFORMATION:   STATIC OVERLAYABLE
   CODE SIZE        =    227    ----
   CONSTANT SIZE    =     26    ----
   XDATA SIZE       =   ----    ----
   PDATA SIZE       =   ----    ----
   DATA SIZE        =      3    ----
   IDATA SIZE       =   ----    ----
C51 COMPILER V9.60.7.0   MAIN                                                              02/13/2023 21:03:51 PAGE 2   

   BIT SIZE         =   ----    ----
END OF MODULE INFORMATION.


C51 COMPILATION COMPLETE.  0 WARNING(S),  0 ERROR(S)
