C51 COMPILER V9.60.7.0   MAIN                                                              02/08/2023 23:56:23 PAGE 1   


C51 COMPILER V9.60.7.0, COMPILATION OF MODULE MAIN
OBJECT MODULE PLACED IN .\Objects\main.obj
COMPILER INVOKED BY: E:\Keil_v5\C51\BIN\C51.EXE main.c OPTIMIZE(8,SPEED) BROWSE DEBUG OBJECTEXTEND PRINT(.\Listings\main
                    -.lst) TABS(2) OBJECT(.\Objects\main.obj)

line level    source

   1          #include <REGX52.H>
   2          #include "Delay.h"
   3          #include "MatrixLED.h"
   4          
   5          unsigned char Animation[]={
   6            0x00,0x00,0x00,0x00,0x00,0x00,0x00,0x00,
   7            0xFF,0x08,0x08,0x08,0xFF,0x00,0x0E,0x15,
   8            0x15,0x15,0x08,0x00,0xFE,0x01,0x02,0x00,
   9            0xFE,0x01,0x02,0x00,0x0E,0x11,0x11,0x0E,
  10            0x00,0xFD,0x00,0x00,0x00,0x00,0x00,0x00,
  11            0x00,0x00,0x00,0x00,0x00,0x00,0x00,0x00
  12          };
  13          
  14          void main()
  15          {
  16   1        unsigned char i,j,count;
  17   1        MatrixLED_Init();
  18   1        while(1)
  19   1        {
  20   2          for(i=0;i<32-8;i++)
  21   2          {
  22   3            MatrixLED_ShowColumn(i+1,Animation[i+j]); 
  23   3          }
  24   2          count++;
  25   2          if(count>5)
  26   2          {
  27   3            count=0;
  28   3            j++;
  29   3            if(j>40)
  30   3            {
  31   4              j=0;
  32   4            }
  33   3          }
  34   2        }
  35   1      }


MODULE INFORMATION:   STATIC OVERLAYABLE
   CODE SIZE        =     57    ----
   CONSTANT SIZE    =   ----    ----
   XDATA SIZE       =   ----    ----
   PDATA SIZE       =   ----    ----
   DATA SIZE        =     48       3
   IDATA SIZE       =   ----    ----
   BIT SIZE         =   ----    ----
END OF MODULE INFORMATION.


C51 COMPILATION COMPLETE.  0 WARNING(S),  0 ERROR(S)
