C51 COMPILER V9.60.7.0   DS1302                                                            02/10/2023 23:29:14 PAGE 1   


C51 COMPILER V9.60.7.0, COMPILATION OF MODULE DS1302
OBJECT MODULE PLACED IN .\Objects\DS1302.obj
COMPILER INVOKED BY: E:\Keil_v5\C51\BIN\C51.EXE DS1302.c OPTIMIZE(8,SPEED) BROWSE DEBUG OBJECTEXTEND PRINT(.\Listings\DS
                    -1302.lst) TABS(2) OBJECT(.\Objects\DS1302.obj)

line level    source

   1          #include <REGX52.H>
   2          
   3          sbit DS1302_SCLK=P3^6;
   4          sbit DS1302_CE=P3^5;
   5          sbit DS1302_IO=P3^4;
   6          
   7          #define DS1302_SECOND 0x80
   8          #define DS1302_MINUTE 0x82
   9          #define DS1302_HOUR   0x84
  10          #define DS1302_DATE   0x86
  11          #define DS1302_MONTH  0x88
  12          #define DS1302_DAY    0x8A
  13          #define DS1302_YEAR   0x8C
  14          #define DS1302_WP     0x8E
  15          
  16          
  17          char DS1302_Time[]={23,2,9,21,50,50,6};
  18          
  19          /**
  20            * @brief  DS1302初始化
  21            * @param  无
  22            * @retval 无
  23            */
  24          void DS1302_Init()
  25          {
  26   1        DS1302_CE=0;
  27   1        DS1302_SCLK=0;
  28   1      }
  29          
  30          /**
  31            * @brief  单片机给DS1302写入数据
  32            * @param  Command 一个命令字数据 十六进制
  33            * @param  Data 要写入给DS1302的数据
  34            * @retval 无
  35            */
  36          void DS1302_Write(unsigned char Command,Data)
  37          {
  38   1        unsigned char i;
  39   1        DS1302_CE=1;
  40   1        
  41   1        for(i=0;i<8;i++)
  42   1        {
  43   2          DS1302_IO=Command&(0x01<<i);
  44   2          DS1302_SCLK=1;
  45   2          DS1302_SCLK=0;
  46   2        }
  47   1        
  48   1        for(i=0;i<8;i++)
  49   1        {
  50   2          DS1302_IO=Data&(0x01<<i);
  51   2          DS1302_SCLK=1;
  52   2          DS1302_SCLK=0;
  53   2        }
  54   1        
C51 COMPILER V9.60.7.0   DS1302                                                            02/10/2023 23:29:14 PAGE 2   

  55   1        DS1302_CE=0;
  56   1      }
  57          
  58          /**
  59            * @brief  
  60            * @param  
  61            * @retval 
  62            */
  63          unsigned char DS1302_Read(unsigned char Command)
  64          {
  65   1        unsigned char Data=0x00;
  66   1        unsigned char i;
  67   1        Command|=0x01;
  68   1        DS1302_CE=1;
  69   1        
  70   1        for(i=0;i<8;i++)
  71   1        {
  72   2          DS1302_IO=Command&(0x01<<i);
  73   2          DS1302_SCLK=0;
  74   2          DS1302_SCLK=1;  
  75   2        }
  76   1        
  77   1        for(i=0;i<8;i++)
  78   1        { 
  79   2          DS1302_SCLK=1;
  80   2          DS1302_SCLK=0;
  81   2          if(DS1302_IO){Data|=(0x01<<i);}
  82   2        }
  83   1        
  84   1        DS1302_CE=0;
  85   1        return Data;
  86   1      }
  87          
  88          void DS1302_SetTime()
  89          {
  90   1        DS1302_Write(DS1302_WP,0x00);
  91   1        DS1302_Write(DS1302_YEAR,DS1302_Time[0]/10*16+DS1302_Time[0]%10);
  92   1        DS1302_Write(DS1302_MONTH,DS1302_Time[1]/10*16+DS1302_Time[1]%10);
  93   1        DS1302_Write(DS1302_DATE,DS1302_Time[2]/10*16+DS1302_Time[2]%10);
  94   1        DS1302_Write(DS1302_HOUR,DS1302_Time[3]/10*16+DS1302_Time[3]%10);
  95   1        DS1302_Write(DS1302_MINUTE,DS1302_Time[4]/10*16+DS1302_Time[4]%10);
  96   1        DS1302_Write(DS1302_SECOND,DS1302_Time[5]/10*16+DS1302_Time[5]%10);
  97   1        DS1302_Write(DS1302_DAY,DS1302_Time[6]/10*16+DS1302_Time[6]%10);
  98   1        DS1302_Write(DS1302_WP,0x80);
  99   1      }
 100          
 101          void DS1302_ReadTime()
 102          {
 103   1        unsigned char Temp;
 104   1        Temp=DS1302_Read(DS1302_YEAR);
 105   1        DS1302_Time[0]=Temp/16*10+Temp%16;
 106   1        Temp=DS1302_Read(DS1302_MONTH);
 107   1        DS1302_Time[1]=Temp/16*10+Temp%16;
 108   1        Temp=DS1302_Read(DS1302_DATE);
 109   1        DS1302_Time[2]=Temp/16*10+Temp%16;
 110   1        Temp=DS1302_Read(DS1302_HOUR);
 111   1        DS1302_Time[3]=Temp/16*10+Temp%16;
 112   1        Temp=DS1302_Read(DS1302_MINUTE);
 113   1        DS1302_Time[4]=Temp/16*10+Temp%16;
 114   1        Temp=DS1302_Read(DS1302_SECOND);
 115   1        DS1302_Time[5]=Temp/16*10+Temp%16;
 116   1        Temp=DS1302_Read(DS1302_DAY);
C51 COMPILER V9.60.7.0   DS1302                                                            02/10/2023 23:29:14 PAGE 3   

 117   1        DS1302_Time[6]=Temp/16*10+Temp%16;
 118   1      
 119   1      }


MODULE INFORMATION:   STATIC OVERLAYABLE
   CODE SIZE        =    692    ----
   CONSTANT SIZE    =   ----    ----
   XDATA SIZE       =   ----    ----
   PDATA SIZE       =   ----    ----
   DATA SIZE        =      7       2
   IDATA SIZE       =   ----    ----
   BIT SIZE         =   ----    ----
END OF MODULE INFORMATION.


C51 COMPILATION COMPLETE.  0 WARNING(S),  0 ERROR(S)
