C51 COMPILER V9.60.7.0   MAIN                                                              02/11/2023 00:01:20 PAGE 1   


C51 COMPILER V9.60.7.0, COMPILATION OF MODULE MAIN
OBJECT MODULE PLACED IN .\Objects\main.obj
COMPILER INVOKED BY: E:\Keil_v5\C51\BIN\C51.EXE main.c OPTIMIZE(8,SPEED) BROWSE DEBUG OBJECTEXTEND PRINT(.\Listings\main
                    -.lst) TABS(2) OBJECT(.\Objects\main.obj)

line level    source

   1          #include <REGX52.H>
   2          #include "LCD1602.h"
   3          #include "DS1302.h"
   4          #include "Delay.h"
   5          #include "Key.h"
   6          #include "Timer0.h"
   7          
   8          unsigned char KeyNum,MODE,TimeSetSelect,TimeSetFlashFlag;
   9          
  10          void TimeShow()
  11          {
  12   1        DS1302_ReadTime();
  13   1        LCD_ShowNum(1,1,DS1302_Time[0],2);
  14   1        LCD_ShowNum(1,4,DS1302_Time[1],2);
  15   1        LCD_ShowNum(1,7,DS1302_Time[2],2);
  16   1        LCD_ShowNum(2,1,DS1302_Time[3],2);
  17   1        LCD_ShowNum(2,4,DS1302_Time[4],2);
  18   1        LCD_ShowNum(2,7,DS1302_Time[5],2);
  19   1      }
  20            
  21          void TimeSet()
  22          {
  23   1        if(KeyNum==2)
  24   1        {
  25   2          TimeSetSelect++;
  26   2          TimeSetSelect%=6;
  27   2        }
  28   1        if(KeyNum==3)
  29   1        {
  30   2          DS1302_Time[TimeSetSelect]++;
  31   2          if(DS1302_Time[0]>99){DS1302_Time[0]=0;}
  32   2          if(DS1302_Time[1]>12){DS1302_Time[1]=1;}
  33   2          if(DS1302_Time[1]==1||DS1302_Time[1]==3||DS1302_Time[1]==5||DS1302_Time[1]==7||DS1302_Time[1]==8||DS1302
             -_Time[1]==10||DS1302_Time[1]==12)
  34   2          {
  35   3            if(DS1302_Time[2]>31){DS1302_Time[2]=1;}
  36   3          }else if(DS1302_Time[1]==4||DS1302_Time[1]==6||DS1302_Time[1]==9||DS1302_Time[1]==11)
  37   2          {
  38   3            if(DS1302_Time[2]>30){DS1302_Time[2]=1;}
  39   3          }else if(DS1302_Time[1]==2)
  40   2          {
  41   3            if(DS1302_Time[0]%4==0)
  42   3            {
  43   4              if(DS1302_Time[2]>29){DS1302_Time[2]=1;}
  44   4            }else
  45   3            {
  46   4              if(DS1302_Time[2]>28){DS1302_Time[2]=1;}
  47   4            }
  48   3          }
  49   2          if(DS1302_Time[3]>24){DS1302_Time[3]=0;}
  50   2          if(DS1302_Time[4]>59){DS1302_Time[4]=0;}
  51   2          if(DS1302_Time[5]>59){DS1302_Time[5]=0;}
  52   2        }
  53   1        if(KeyNum==4)
C51 COMPILER V9.60.7.0   MAIN                                                              02/11/2023 00:01:20 PAGE 2   

  54   1        {
  55   2          DS1302_Time[TimeSetSelect]--;
  56   2          if(DS1302_Time[0]<0){DS1302_Time[0]=99;}
  57   2          if(DS1302_Time[1]<1){DS1302_Time[1]=12;}
  58   2          if(DS1302_Time[1]==1||DS1302_Time[1]==3||DS1302_Time[1]==5||DS1302_Time[1]==7||DS1302_Time[1]==8||DS1302
             -_Time[1]==10||DS1302_Time[1]==12)
  59   2          {
  60   3            if(DS1302_Time[2]<1){DS1302_Time[2]=31;}
  61   3          }else if(DS1302_Time[1]==4||DS1302_Time[1]==6||DS1302_Time[1]==9||DS1302_Time[1]==11)
  62   2          {
  63   3            if(DS1302_Time[2]<1){DS1302_Time[2]=30;}
  64   3          }else if(DS1302_Time[1]==2)
  65   2          {
  66   3            if(DS1302_Time[0]%4==0)
  67   3            {
  68   4              if(DS1302_Time[2]<1){DS1302_Time[2]=29;}
  69   4            }else
  70   3            {
  71   4              if(DS1302_Time[2]<1){DS1302_Time[2]=28;}
  72   4            }
  73   3          }
  74   2          if(DS1302_Time[3]<0){DS1302_Time[3]=24;}
  75   2          if(DS1302_Time[4]<0){DS1302_Time[4]=59;}
  76   2          if(DS1302_Time[5]<0){DS1302_Time[5]=59;}
  77   2        }
  78   1        if(TimeSetSelect==0&&TimeSetFlashFlag==0){LCD_ShowString(1,1,"  ");}
  79   1        else{LCD_ShowNum(1,1,DS1302_Time[0],2);}
  80   1        if(TimeSetSelect==1&&TimeSetFlashFlag==0){LCD_ShowString(1,4,"  ");}
  81   1        else{LCD_ShowNum(1,4,DS1302_Time[1],2);}
  82   1        if(TimeSetSelect==2&&TimeSetFlashFlag==0){LCD_ShowString(1,7,"  ");}
  83   1        else{LCD_ShowNum(1,7,DS1302_Time[2],2);}
  84   1        if(TimeSetSelect==3&&TimeSetFlashFlag==0){LCD_ShowString(2,1,"  ");}
  85   1        else{LCD_ShowNum(2,1,DS1302_Time[3],2);}
  86   1        if(TimeSetSelect==4&&TimeSetFlashFlag==0){LCD_ShowString(2,4,"  ");}
  87   1        else{LCD_ShowNum(2,4,DS1302_Time[4],2);}
  88   1        if(TimeSetSelect==5&&TimeSetFlashFlag==0){LCD_ShowString(2,7,"  ");}
  89   1        else{LCD_ShowNum(2,7,DS1302_Time[5],2);}
  90   1      }
  91          
  92          void main()
  93          {
  94   1        LCD_Init();
  95   1        DS1302_Init();
  96   1        Timer0_Init();
  97   1        LCD_ShowString(1,1,"  -  -");
  98   1        LCD_ShowString(2,1,"  :  :");
  99   1        
 100   1        DS1302_SetTime();
 101   1        
 102   1        while(1)
 103   1        {
 104   2          KeyNum=Key();
 105   2          if(KeyNum==1)
 106   2          {
 107   3            if(MODE==0){MODE=1;TimeSetSelect=0;}
 108   3            else if(MODE==1){MODE=0;DS1302_SetTime();}
 109   3          }
 110   2          switch(MODE)
 111   2          {
 112   3            case 0:TimeShow();break;
 113   3            case 1:TimeSet();break;
 114   3          }
C51 COMPILER V9.60.7.0   MAIN                                                              02/11/2023 00:01:20 PAGE 3   

 115   2        }
 116   1      }
 117          
 118          void Timer0_Routine() interrupt 1
 119          {
 120   1        static unsigned int T0count;
 121   1        TL0 = 0x66;
 122   1        TH0 = 0xFC;
 123   1        T0count++;
 124   1        if(T0count==1000)
 125   1        {
 126   2          T0count=0;
 127   2          TimeSetFlashFlag=~TimeSetFlashFlag;
 128   2        }
 129   1      }


MODULE INFORMATION:   STATIC OVERLAYABLE
   CODE SIZE        =    906    ----
   CONSTANT SIZE    =     17    ----
   XDATA SIZE       =   ----    ----
   PDATA SIZE       =   ----    ----
   DATA SIZE        =      6    ----
   IDATA SIZE       =   ----    ----
   BIT SIZE         =   ----    ----
END OF MODULE INFORMATION.


C51 COMPILATION COMPLETE.  0 WARNING(S),  0 ERROR(S)
